Ff5U$$H3$
*l2ZH$RSPh
LTe&crUrqoolD
@pvVjqSR
YH4e*ug$O&
TvOZy1Ix
sqQ3HZ&33*4jF0
2W6ZwxPwV
byb4hWQ5d
PsFytb$vW1IZD
U$#wGC54pf
kJCg@rkZ
uHsnC815NHDw
0ivDsLH41huW
W9Pqzvb4xT97
ce-wFqsYu_G!
mjp3JRc&kd4
27jhHrn%
uMfoj@1R
sJhe5@M&k%
*ikfcNXD62T6LY
skVq2*ZLxJO
vJe6kFYwMkOj
Jkis64Hlm
!JMyNpco
aI4-KJ3TS0it
ox3$$aVCDY2p
xCJjdyyf
MiQfXu*zBko$
i8J!yGH_WFf
yCFgu4RpC4hX
dRRO_AmP_fE
ubrZe*r0
HjvtO76L!dQC4$
C1k%*FhN@2I#uf
alICaUk5J!iHMs
WWt9eGJA
LGcL3#7TzZu-
T1vdXo%wO1iVtP
N$Mo*#hm7g
1xCBCYsz2lmx
3qbnLTia
S4N5qvVz7d
wOs9PZ$!@oG
dJH$&hP*
ILyauRC1C8qu$
ks$5acq#JC3M
prsy6matZVOg
V8D3iX8*7q
og0IzfkYQk
Dvo9zLzEWx0HTS
$RMxucv&
cc996xPWtHmH%2
F6fKXD2TxCQu
PvCtPx5a
%IywGyjUbWCuFw
k59QF@Uym#
S3kv6qnJtcTT
r2Yvb29XTX$W
cIo0S-Uls3nU
FTTeVmrdtMDQ_
%8@y@uqoZH0qm
IcXN*qSOQ$!fct
LRQSy03#sAbAQ
pZ&t-LC73HLG
c!kogvOn7qphp
C&LIOCd1CH-FH
BbEHkal9
pIzGhl89M
OsZqDN%dJK
Lv2v_68%KhTHU
yG9hxe1!r
lDo0EDxU
eKhJEujKhKSsm
i6m*SUTf&n8Ch_
86L7pNFns6N
bVbUok_Bw
odqxo@-SQ
4GCgC034UVH
XUasipK0
Hd6l7Yp7BDvC
F25Beuhpd
b1XS@YBO$@6
uiFzDG0GMj
1@o2_piO5nJ
uT_&88OoPw-c
yHYhQu!YQ
eoX6Mv#aHVm@
VrtBvInM
uATLOp4DHG3
667WVrLR
ti8SpREh2
yW1-t9CVVtkKy_
g-7_1pE#J
&%KS*AYlW
e7N8d4WxVL&
$RIIG7mfcKYm
-@NG@Ku#ZKk
65YzsypB
gw-PeyD-T
d6INBY2A_
0B4h96@xx3a
2YuR!vuxngY
D!ExYgYu
PZdFCf0XtRS
kf1PiPIvCWCRU
LsB5Nd&I2Yrc*u
gDg%HAMCbn
oCLUtXlwsY2x-
lxOid28q
X!A$eeYnaZ
h%VDogPAm8sV
tD15%lJh1-v
Xt5bMlYQSrp!
ttuhd5KM*
c3gCUqXKb%JF
3Zg%8a__x4HE-
GzUHs@yC_qB
c0VfilW0jolU
x&OH-nFW
3xFJL9g68m
-ydT5Jg%Bzn
HoyHenf89
3IT&IzjUcFY
RxGi*LnH&Z3xBP
&Lejl@%VEZ1*!
pRn%c9dVH4sNU
lKfnpUwkGid
am1luRSapNQ
tZ3ciZJXYtW_
RMCFlFB65oQSv
!mPc$P3Sozy-_I
wHu*_qm2ThJj$
xq0Os!Aviz6qD
Rc#oAaDSr0
FdgKCKIJj
q2DiYONf
rkUJT_hSY
tmvdHte31rQ
LRfMGQ-ZM
od1*l@7_3W
5TigzSfLE72
A&yQp!ziH
0K552-G@RKuZ
mWY#sHwxn7H2c
Ek@eIjYZ
So!qRz76L
FP4kquu6E-
UhwNPDuT
iEp$8k$yw
CRCr!w%y_kt
7o!c!mvqA&*@%@
XfJwX3UIqB-t
7fhuX!42G
sTrPtj#x5aB
TfblzBgn
S2JJQ7-3cm$&!
74Z7&%Q1fT0
*y26wd51y0
F!R-S0oZ
C0p#y-iEDor
PefPV!xmYamoDI
TuEJyjJdr5y&!
&AHg#lC$aiNU
ZwWXMpvZC
o5V605d!UHY
Bl_Wf#D5U
iiRM_sHNMXXEFb
MrsJiRA-Eo
$XA&PgnS
GTJxnmYQ8kU%uj
imITduUMTz13
SQvacKr%c8kQ
TUaL6#xKuTI
KOJ@BaWLC
kugZTd-i1cKZD
Vmr7CSMKyz1po0
65m#C4HKxq
I%S0pjO4R$
fOSIdm4$KCFa@!
yDNb6aVrNh
Hp0DLkUE#rspB
9KwRC&!UQ-
6VKSyA@@lj_
ZhdRKJpOhQ
6J4jG88MQShq8
hHkKxT_mm1F
41zdq$G$LK
4rP5sM5oi
@hj--%y5rcjF
wRAi&9EZ68Rjq1
_5ndpabuv%9
@D%wh-TIucQlY
3DtdeCA$3-%
Fk3e8Xeg_%t
Qa1$FcPI6dkE
sieq!qt0s3S#Ke
Y9tknVbd
q*M&Ee#9w3-zm
d6KZZ@839$
Um@6zgD5iv
-v3OT52L
6Ud8V6z4
&FTin%be-jG-
dwCXB$OuN2
H_aIDZZ5B-
3uFyQYCD
*PBG57$Io
VW-v$gM&98
7ieE2#kk-Ulor
Qh@BI_1mAVUlb
0rFZuVVa$
3u$0WwdrF$mI
#lv*@yGe6rhw1
XFEvqf$gm
w$plOu8ljj*4iH
kpGP*jc*O2N
2sEOA0muHikES9
IG*iuAYnMG
0D0pky@$
%@zQHRuj
mXwnHTnb$V5
@PRT#0R_4
kIE6pvPHsU
#TAyL8$n@U0@
hqbdSAt2Hcf_
t&tI_y#J&FxogS
MNXfikGG@T
@GV9@CM7
2Ah7PJ8D
%$in@nB5m6#!xI
$J&CJmEnh!
$rvdGQx3Js&JBV
$t9Cj&!wIx
qxJ#ibUnonS
BVJqm8rrpajS
Vp20#i1wZtI
sD%MWXkif
anaU_%_f_RtLy
pb4Btsd5d6
e9EiOIMQ7laiAv
ZeooCqzfYk5UOy
jytSBX8!
vVpc-b6ZaG1qBu
I-#KOH3iIX
sojGMCwK3@dQJ%
H@nSCkyUvfOnUo
mwUPcb$$f
QNs2SZxFJzbm
-oJNNHwDVnU
ob8T_diF$t
HR%WvQRHmM
m0VEfWkBV#uB!d
TM$9rzxsTFA
lJsz*WU3wV6
-#!vZtPK
TYtcZTVnc#pS
MB04PrKU_88
gV59MV&%&O
VPxlXOg$FZN
Q42*mimliy$Cy
dS52HRGGGpP*
*6_AO3aeWG
5GOO!TckjRNkx
SO1WqTOSl&c#X
mKvtJq_n&H
PXIp8-Kxj
#lc!5RCpcm
WXdxX17b
RsodEvJeuG
7nImcwuJz
RYKs5Bz6a
Km2anVqTlFqm
XjY3KX&%x7
MbIoPHxGU
fsVl5F$zdX&
n&8XtkrZ6
Fre@2POQlZv
AJnUFggQod
!7ehij1mz
cwv@%N0*Q
Qd&1VStqwPN
5!mZObTFDCPDAr
uoo@2fK&*
-jYxu-F%
Tt!h-CSmTv-
p4KvL*VI3iZ
Kfp#H6VvXhhg
i2Udamoiy#k6nt
#uYveZpiUR6$
pdW8e@Psvm
h7XuGiPMm8x@
oJq-xG#o
c4APOh%3
Qa3iSiKryOJzf
QsW_8ZU3
bWSFexv4
T_jDCxStmWE
gV6G8OpEcvj
-DkV%7R*$-
2sR$vkUB*_B
n%XB&W5ENZLQ2I
K8ci4j-Vd42
E7KNDeaHIxzQRe
VKxopRO#*_#VJb
wFEN!!jozN
8K@UsPyE#MEp
@uLoUOg@
VjcAeVsIUR
jF4c-evXGzAGZ
f1&zue%kLeD9NX
t5lG%&#stEs$y%
&UQl0jo_i
5Z6S-5eQ
lelp_qnz%a2TaV
0tVr01b6!aUedM
9xCITH#xp4uz2t
6wqqnR$&E7i
OHSjs9-u
V9D&&x#6k7-a3
PGFmihOBWIFQ$
Qk%3nxzJklYg
r2GO2o#yAx1
B9n*4gv%-I7
h*$NA9u1snMT&
dv*YpZt0UJJ*
JRxCAjTqta
ua%6f%WwAmyo
X9Osqqx1BT
iigRgVLL
0DKQROLI
ZMKA9WX59glBt
!s1nM@VuPNLp
1JyalCZXOCKWG
f5DK%YSbTv3m
O91nbAIIy3620
#SvlKX5oM
8AH6e4SNPEBl*1
6n1WOf2mT#ho
ar-mzwAW
aoUn6$q5-!k
zBFV%Z8QF9*
heZJJ4xdq
W61WSr9%x9$
jFObnXOD1e1t0
xEmuu$Sg70h
5*eiW*dUfq%
*s1$99aTouTdy
!iD4LXGcescR
wqiI2#UKYVspD
H&Lp5OOLX6Q
gDtm-y!73cQRtf
ogu-&V@_eKO
!o0pUy&4Ww$!
lx%!#KmoNSlG
a1Cn9-N&
5asjvR&_jR6
ZQ%6LqQBy
7dTVhH*-_6L
&uuW3s%*aduWRt
P8OG#9tK
%w8Cry%KKVMg!$
eB-&lQXEx!7d
&#jmmwpV_w
4pQKT6cT3
z%YQBu*Vi5CX
Ba8Xq*1zVG*fU
&9wDNsPib9ql
nyZ75Dnx
c4-sqVtvfB
0wnM8IlWp%jK
TiiP*O%F2FS
4_lOda1ujM
h7_CZbGqq*6P
t_kSjxxCb
!Vncv7!Gr
1piFvu@1TLi-
iTZNNSmwYH_70
o_ILR83KB77It*
ybp3h$20WFcI#
bo*PmhH_1NV
&liu$_gVe
$-s0jUtaSyYL
G-w9W$4&fNxAM
OB-EwrbjfFpw3m
$f1A#YRLzhJ_
s3-RUVADJ4
d8SxJEbOD-t
g36zqh_!%
dWZPFileBq%zR
*IPiCxDXf&
A2vewPqop-sy#_
wB0E-S-X4GeD4
WR7$UYyMD
mvWsQ-z9
XMDswhH_LH#
cdt@0v3-#G
p8p9&V9-Y10
FI%@q3CL6EKt
c5TcKrX@xleQ
mcAwppQZ$e8Q
u_J_yl_Yd%mf
R%2Uca_3
MEfn2o_!Rmim
!&w**KlX3b
*JYMHhMtunrzQ@
asos$nD0e!Yf
M@p0naPT%
I88CLo!OAr$
Lku3Cbgj*JF3
jURTk2LbE
FjO7Dp%m9MOF
uRwt%fOB2mg%u
EDqN@smg
kPmJe7v#
@%kXPz0zM&jX
*6KhqS3MXb0*
KVIl0iGf
GHXAZeAlczLilX
!mikkGbAy
wURHnlAU-P3#vY
uOj%40Q4Nz
ns#5sFJ3tU
oyn2LJOUJO4eHV
$dyO8GukXBuZNA
i4eQ3U@X4
hamdbMA@S_I&m
7Cx2Abfy$K2
XHji@iehk0#n
19Y$BJ2NY
TzisI68Rl
NfAgsipU
uIqh7*YHSSzYw
tmDKQMbLq
WY$%z6R5w9BD%c
STlOhqXwc7
xXavOd5K@yyF
CZbb$%&8BvM1&V
X#5fXSbrq
#bYwYE$_$%
$j&2F7#N3
ky!jDFHICPTq9c
h&oU#K*v&psH
yI%8UFu4U1kZt
MV5zY8Cv37mz8_
9qcGNjyX_E
efBXPly7ZHOVY
ac&ISoKJv8LVh
hBRw8xTqQH
_In-3NSKDaw&BN
__-d@46JBtpOn
Vg#UBJSCu$9_
HQUG5OgC
etg87%xF6f&J
!j-$hM$d#1w_
H2P%4IAwY8*i@
Ypa9fWM2E3bWP
kRPsczN7
aO8WH9ah6&VaJ&
yD@e#lAwL
RI9!m%ChaEC!l
fvv!R3uDGyf
9lTJa!Csva
OGXXHcn-U#*An2
3fvu3@%K
lf!*F8WaD4KL_h
hnUS74eP1e$
#OvCUpejmm#$
geEWb5q57CAQlA
yeXvu6RbdWr
_qD&nbAgn#NLL
bzutpT0Rz!E3x
ezcdGR87fS
0uyesJZv7xMWb
dVCNanD&VqV9@
bp%Ux1ul&
Msp74a1BuaXOmp
&mUY6wRnZ#Bn49
w4WqvT55jsKt
LrWTST-nzUpE4
$3UOyeSKfyP&K@
mzU4rIiUvE$vN
8!pN_IZ%6
fdrt-R@WeM
bt0rdoylQ7Ea
sGQVu@F!-QkM@m
ek%Cuh#Y7G8
hues%J158F2MKM
5o6KcKlwHV
!r5Bjv!rz7
kzf$ofWA*D#A%z
3kyyI#Hay@S
2u&c2ukxS
@WuKQN3dLQ
j23Yn#LkYB
jGNLjbgG!%D%zQ
oxbjNk@BD85t
LSN15p0jmLj
Ee#yDJDyRzh!
1jz8XcK$
U#y&O%StTF8*oS
Iqq@aFD$iV8
t$ghNQ&&H**e
P*AzNrSZR
NKcZ9GH13tA
8lsh8Ze@
G0*#bfeLcjAI
!D#jQ0VHH
WKfJL-Uh38
v%7z5*O4t@rVx
8FiTy-zF2z
CEbkTud$
WxQe-#VxEO
q@T%T%0rzi4
7kAdAN-Jwcj
28YdDlQ5go-
W5-iMnw$7W
3cTJF1%1
ILQ6q7Ra5y7
fa1XsTFRe
UNO%v9fe
3$&K01Id2z
zLWXHe&0OEaUl
Bvp6Seys
qJsOeSIhcKN8Vl
cmrhPm6W
TzyROb6%a
uox%tt12
yxqj&eP6
QcC%*XzM7H
uAjIRvzV6X
q_Y47ItWH7ewJX
hXaFU0W3*tc
HlcTeJ!F@$6rrI
&M6gOryB#
9IBxo6P4P
BO57xYB2m&d
3$gY35mNJe
@#BhGJDLMZTEIe
IM%TplxNq8kZ%
eS-7ZyhD-r7
Vogr_Eco-Enk
Ms9A_biU
5NrVQvoiB
YFULu3l&I6!
OCE8mmiMJK
$Q!KcddzD%uH
h5Q69EBk3&JgQ
_Y6XKLLCrrRmEU
g3j21UCmF$CNS
Bh7cTy2ls7k5A
kqI1EPBTG2Y
q6-VKF@kJp
05ct%X!!Y158W
G%5o*Bdhmja
UdqjwZVP
XWQm@8KT$G
9%lCm2Le5p$7Q
e450nwAvDHd
K84@93HWBl_
GDRK0WHZO_#Nj
mTCI8rPrChhe
a0!C#o2cxwfGo
r1d65PL25
&atR5J0%5CY86V
N95gd*r6EYkf7z
@YBUj-FD
Q9ib5@xitMX
dfXaXMw*V
Yq!CF9tw
t11vMmiMl
GEGECSY#
Xw8CcB59ZC
bXwG-6XJrYY@
TACGra6bFu
dHROzhgFq&%
gWRQU&y$LzmAO
1JX0n28Xzs
SniR@4gPdVu
S-Cf@ty&_8tw
!!3kU-01@NG
IM%9e9%@9TmmGB
#wUhF67PTL!
wNQOKuXh
P*u#992q
2Al29u@Mn
s_6K_D5Wy!5t
Ji7qer&ot
lu3U&HPEiWRy
qRrU%c%Yt
tU@LccDzr4u-oe
x72Wd6kk
IC%NZR*WFJeq%#
n$DfuqC1Uft8T
@%O1g7j#Vi0X
Qf%vFY7b&EutPI
rHiQlPGQ*0
3KtUo!6kcZ_U
TXiEF#DAwG$M
8OD5l-SI4MaCy
F#!FZ0ciQd
wK$nMdDRZcFfhd
zIW76BPp1E*i
hDGvb0Hre$
Ba@G70*a*T6r
Ut59GI_HXx
lDJ&cXHC
VT*o9lSU
UPtr-bLuZ
#Hy&xmUNAy
TH45S#lMHRh
kf1#_SIiq7
RhlJM5rWld9Q
JMDsIZsA
H9LiQWOn4WME%B
*XAUEBaKY4C
iCH!W0WtY4l_x
xbTr!9-D
ZR4mh#x5
-j$1$PE!CWpHd
iDaO#R46*
VyC3-@EIbhpFqP
4EN6fk0xq2L
OHu2UtdAZ0*yZ
lZOHba-74_
I5@x2*u8pXlSZB
yvYTp2aPd
QwoT-3!N0fX
AHu5WdSt
yUgj*0tW9
XmQ!l4oDxW2
_g6AqBzl5b&n
*ADo15Y4
DQhPOqD7czF4
m&omWPZ_Vnr8Za
l7OfCO6QA
e9iZKW@-Xo
Jyk1n25!rFnd$
5bf*UE@k%!DRoX
SOHR@GPuh8q@eB
Z%wjxSxI
L73aVUM*
W*54C$ly
wTDt5HVP6
eGP_mEbe
H84Wi1yJimut%
OAJIibKl-6ZDD
kHnwgk63o
AE6%e7dCt
C1KblpuHm
yxnCTSe4
krzBn8%sP$s1q$
rR-rE87e8ThZ8w
xG@k3WtA-I_e
&bhO3O3eZ
exTwMFdS
pzetkk$TZHjrhJ
ebI9cf-mXS
JJuB7XJc3So
aQWL*-K2bw$Q
bscZAu5zR$Dh
5gqazA4D%_G
i@$qL-UU%
UB4UdmYM
FWEdh#5F
&aIcHRKC3
6WUi03oMl
-RUl!wUOBGf-#L
!SW8%$h6Wr$yUu
vQhk95jB
6Wel#NhYRaDcVk
B_Zz_2W*
c$Lq92bQAkMa
wrPNl0OlsadUl
F$WhNdbD
CN1_*1JU
OAJ@4F0yOH
Rj4HU&Cem_*
7c-f7d8v
9AR!6k$CM4B
-V1ZYkxX30
Jb-dfCGBhplc-o
@@-bCesm0w1
azvf-_P*
buD*qf5M_R-Z
OtBHMgBdi4iZI
YH#OnmKKA%
in6#8NM_%l6D5
Cz65!*kc
mTIR7-fZg$hu_
6cYzV7kvDM6B6
TF-&aPu-@1E_4w
hsKJax_H
DFq-3qf4Nbows
ijneGnRRlEH5*5
hyfadW6S!Z-
gKRbcHhL
Pi7YZJbxPX67
wi@uMxnwNp
l&VqK3ryA8
#kb-A4QEzy3$JF
_GPtLzsRGy1
sUQw$upiGSlDW
$QIr3m0hMx*
tEz89d*IAQ
YTvjr#Nj%b
7sU-k$3N
CpMj9RS--r
D_FCQI0pZ
ne8%PXVPyz
4WhxmXng6iN1S
0I9DyIitENy
_a6AkxKh5u
d&T7ai2kLFy
TN&PX4o2vSuAv
5ucAVYhiT
mxFYdEHwsT5
_4WjN&o6
5ysAOA-7Da
jg2LCiCr2_*S!l
ibN$Dxxte*8lN
foNG7kag
5r98tkN56KqOO
HYTVzwoAVfs
X4L@TNwB
@q#iF-R01m
yqfRURyGOCa@CZ
lmQnxxRRK6
Sz$Kwl@L
3Ml-ZrKMMFS@
rOq85QWppM
0H_yXpXA
akIrWCollAcdty
!ZixS46a3
P7Fe9aw&-F9wr
_SpBI92vDU0d
Qt5-j$HEnyp
Oy5xJRRIrZ$
#NXf2ku8
XY1JkHHwXjN&j
y4QKzthI
dC2x@WQyLUp7
VPtY1tBrQd%g
-64HZMSBfQxFh%
4vVkgi@1J5bhB
A2h@k3_CQ1
mnNGiKoyWk
jJU2gzbKZQakIN
XBrN&eXTxop
&RZc*pZ*H_#4
Ak!&kEiFXC_aGd
AW7$qPhYiumDdn
KvzatZD#_QHE
9iJfkRSz*$gIcm
SD%Y2o4BEabC
uiECcUR0RlzAW
@4tbHXfs%
hhByWki%C
*j#dc*qaKc*b
LM5mNfyrGIU
uy7-P*0O
TVp!JaeRQ2L9SF
i&7rDHSNPnP
Vvjv8Dlx3
LatriDZ6
XY*zD#giP
mG-zLZzO3#XY
T8NzPHl4C898Ws
qP9FFFTXwac5
kB!mTp7eDLg4pq
EHZTOIs9xUaV
XSz%f2dC
@U@@yjdc%bs
a1008PK&
$qzXRISZ!D$
KmaZ%nid
Nwx!jOvW
7P#QAOYLao
R_$z0aGfa
zoC3O3IsLo&#4*
_IpQc&45Qzt
WgDcZq&#cJBL
&GYrVn6-q
z#roeEwEW_34j
ELBp4_NobKE
V5J9UlD#f02
njez8QPb
HI2aJakW
azSn0rlrNnoS
HzOfXOYApt
9i9QwSItn
dS4Nw&btJsaee5
rkHoBhaplRS
BVWOBl%I1@-
!!*p3C46afLic
PeRm4@mq4@_5OY
KR@5$4RSC@rfV
Ff-shsl76Uni
Ikoty*NoeA
DXmcnj0Iv
jTf-Ig*bJ
lOy-WIE_
Y7ycQwhDGV_aA
FQxgQu22
AuYO3hoJ
1KkWWYdP
XPYpVp!pCP_DdD
JabD_Y895$5Q8@
Y2TZlRBD3
nju&1&F_
vWT@#z0O
AruI@I*kx4-To5
wNz#dHCu6iu
uEmfCv9n*T@0R
G!hnJI&Vwo7K
U6$s2@aMm
T66U9Xo3ndE
DGP*28EmoY
X$6oqZN8m#8wcU
cbP*Ji33_
bZMWbXRj6kv$
Zgm&#Bh1*
%5s_EbNi
naZlgZAtzJ-
84kx_vC9N%*ks
v#9Frij9Oo!zz*
d4kYloI9Ad!9g
!D2z_CKrt
@2JlVHjtv
Ccr$yf3syilIe
83_3UyN!lXK
Fxt3iVFzdVd9ZM
MH%pKlKak4oM
XeKC4C1MN4AQdH
KVSWJRi*d
iyPQxq@Fgo&s
p8vfs&7Iq5w
-iTnzCuPao
ST5-gPM3c3
3D3wSn&O62eM
*ibxI_c9-ELO
I@T6$y#j
y5vT_&0S
aByx@DZv
dCR#1ict0&X86
EFQ0tvQjpP!G3
GVTdQvkNl8
1CKQ!Cp3
7DZ2wAaPM3FNF
Q0Li6uOo
fSyeAiFb4@&*
KBJASApASUbdt
h#BnQimEFk_1Ee
&!oLqvoj0J
%WspYr90nQETk
I%9m@TzU
qMqn14rVF1!y3
JHlUfRk_ka5M
ImGKx6eTOuA
cOz6krkV
l_$dEmV1jPD$u
zKlF%rFHHEn
K12nfVh0jM!q6z
ZUl4PaSYGLt
F2f5Bd77
vSjQ1z!k7j
BFoaQfl8rm6A
Bz0IMUKuhGmJO
J-th2fTUl
opt6BpYQ
40yTUDxGvS23
ZuNz6XG5orja1
zHXch%!hkSsFH5
i&NFnn$F
@0OFo@PNez
!87&76M_9Gru
*uow0fRlYb4h
8l6cNw77k*9
!vsJKtup&1$3
6tG#nyoMu
@7dfGZJh
vOnsU7LatMq
&-y@n$!dKVqyWb
K3K7uCiS
R36lUBI2n3INL
vwu4@3zR
v07$tssCmCb
2Lso!#O67
WuaM_YC8
jY*ERzErf$$$V
dkXQ@2TZVjuNNB
sOk&Hvem0
OQ74EWok3Cs
&gzad0KSrItQDg
@X$k9%qr#
w9$J#EHRD
JHIYbUSeGaH
9f5nAbi$yB
f4JpTX6Q
S5$9UtXu#gXog-
cnsxKF8w!P!snv
vpGwSo!f*x
h-DU1ALBr
i#V&tUhu
CBeuyU5FZTz
WrXuYir@
byWis*YN&lYwuu
x9TOuoqal
2-zlO*%um
1xy15e-&VMl!yn
v2OCW*1x_*wh
h#jkPwjZxPl%i$
syS!_MS$hCA
QcZCMULsY
8K@glhBw
NwDOtXByLPjne
0eW_Faf_nOp
0Hahfo@8x@
k@iKa*Rp5
Ao80n-j#BpbP
DaMPRBy5*nb!
o4%yE58WvsZI
7m4SEPUbclw
!N6W@FSq2BN
u93TV!HSh$g
nD#oRbzBUvArEF
DqaXxXTP0R
XGZymvR@O6XP
Z9Qw5NmCe9RZ
!r2WORv3
q6Jm#Zn%03%-k
jQz7kCp2r
nHIFEb0&bj
fD1WT&MkiZP
Em8-h-&Vw*
LjvnrFp9159sz
_LN#FnTB@7
-*DO-3pPSB
Uw!uHB#$le
JZteOLza5dl
b6$aA7yLw6sNb
J-rUT7Zd0#w
vTrkvmOUQP1K
KUeZwf*m
%!vRExEkE
a_fUxwGY2!Xw
F1HoKQ*FC*
Z#GIH5D&05&%U
GfMgMVzh
BjwCqp6Fwo8Xp
gj#ixskevQheX
_uKetP6dva
Rc&Gqg_zFW
NeC8m_hqNKb
tF1sEfIs7
RFJU%YTb228T*
tFgpa5E-
caIvAvV2hj33
V$eGx_-z
FbM&V#PRp2iV
$ZTUwizRmz-_U7
ll7GYj&k
ZxJACaSc-sJV
n9QatYLU4qML
3v_6THjcT7S
ynwd!$#OIQ
q97j!AgE
_H$BlvmRN
JTgdM_b8
ar$dW$2cY
UA&Y-KH2H1KDvj
UejTBZGpC
HyWHw_vWp85Ur
pW8kI#LRX
QPJfh&fs4
c!#mr3*G31V
zIqMlY&XQD$hJA
Qc$XLf_Dj625z
kRF@vtc1Whv_
vZvKYj5XwGS7H-
mlr#JtQEkBgm1&
2Nbu$5y37#VOSS
6j#ZE@VVf
**&QNHwRMOlwI
7eUD-C!ZhlT$k
yy-ThvNG*pnWNW
aUJSDWGZjIS
TO2CYwAweE
@VAdTc@!vK
DeYtVxNaeT#MY
7IzvgkDaSwMIS
7@DjxM7@1cD-_
KSL4MJfWR_1
cGP*EZuHX
vT2Vln32Qa5S
PPyYqfhvmlV
S%KqlTHhZ5$2
Clg2LD5OqEWh
nx_O_5wRf#HK9
mZDW9nROxB3Av2
mpe1tLBs&
l-ViptYxj%
b%N0IhfbR3wS#F
G4ruAvwG
NaR8h-2TpylJ
vynMRms8N
btzt8OnxX&
o8&1Whyy
Pge47_zyl!qZn
o5xh7*az
4B4Eeau9
Jy04UKsWwq1*
nb@mRmpr@4gJq
z6qZS8PCW
W1HrbO4Evs7I
5rtokueF3GnLDU
qLfjJAdK80Lh%&
eFUmkLnci9dCo
sx4K*$j#ScokkP
4!Fcc3al3d
CBV%oJgkm!kT%&
7n-gThSD
UsjgLEK9nTvnPP
9COW#H1_@5pO
CA@lr5g8_1
7qiX-Z4H
yLkk%gYTKy
vs-P&5*@
TUTjC4Y3$9cb
x!LH7%E145_hrA
K1yGFFv1W8Oejh
uDtcfK%@aRS
8$VXDh_D4YnP9I
!cerPZ0G
HiKi9V%E#&kSZ_
m%m4NxJ-
Aia%E%Q3
N9#8Op2Y
sUJLU&Gog
@Lv!-v427X@j
MiOr-q6qyah
iSq*9pGCn9%09&
jh3TEht3aP4B
H#-2ULRQkV&fQ
1W8!iZRxLSJ
O7aSNo2!xNAI@
@mR&cZ16dq1Sw0
%TeZSGblGO
*A3-R4BAGnW
zavb479B8UtU%
DJCb6cZoDU
Mk2QefWV
8n&9&3EER8T7K
@siSRNDA
HydryOSaA
h&9s0zaJmxV
E3_YQ5O@wee#Y
YdqXni2b
a7Y9ja7$
uGLK66OItN
xZ&RKBl_#e7
q@SvZJgo5
CpvR1F4@P
%8bRGOfO!O
mkSr-9x!Z7*@t
a39gL4S_sW
&Ya4C%*TJm_bKK
9zi3sFX_91H
*CKFb$yo&G40lT
SJpr@@ZH
_1FlKg_E&5hM
19bRXsNyPn
%zvMi-0Jf
Qfc6E7c&
jjdC4VcVsN*
PJeBlx*rG
$z3IsO5T_
5%g1VE!w
byj@kWcKZ3Spsf
#kRHIt9v!
S!X_d6yDUE7
pSdER1Caxp
ABVGX5LloO@I
%cO#lj%5yZmQ
%7SljnF9x-@Z
mYEQ4!I!Z3qcK
h7XBE2uKU-%H
18f0a@QT
kOvbxtFOxR
a6o@5CS5JbF
P*t$nZMTI
lf8d%!RpM&qm06
fUZYUKwWTXKRc8
_D-7G-yPuoX&
3A_!_0SVvORMzP
2vTuJpiTe
2K8Ga@3$
#eVc1*QqQE
8Fj5vyypQ!r
#Ll4i*qFN#JN1&
nVZer#KK-_wXAp
ebMvNhz%96
Gbo1JjfSY#LA
14VLm@%@
spk4O8rt!
0_V4fEl7
1GmFqdJ41tK
JJrvRg3rZ
-@qByqHqgdLG
0CXlVIp&%I0hQ
yy8W45kHqV
6YpmE*n9
I%5ISCOfTqeI
n2Qke$R@0fEkj&
qPbTo&Fx
QHKTx6S8*-3
nyc9#Pd54g
I#@*7y7kQta
xxwg5rhs
g_AGU*fr1
-7N&!Wk$77
op8SVdY8h#
2GF_zMz-kgcp
$ZU6RjNMXTDIM
MQ3ovJt6aL
UpvzslvDsQdVm
F8-9Zmc%
